#
# There is insufficient memory for the Java Runtime Environment to continue.
# Native memory allocation (mmap) failed to map 536870912 bytes. Error detail: G1 virtual space
# Possible reasons:
#   The system is out of physical RAM or swap space
#   This process is running with CompressedOops enabled, and the Java Heap may be blocking the growth of the native heap
# Possible solutions:
#   Reduce memory load on the system
#   Increase physical memory or swap space
#   Check if swap backing store is full
#   Decrease Java heap size (-Xmx/-Xms)
#   Decrease number of Java threads
#   Decrease Java thread stack sizes (-Xss)
#   Set larger code cache with -XX:ReservedCodeCacheSize=
#   JVM is running with Zero Based Compressed Oops mode in which the Java heap is
#     placed in the first 32GB address space. The Java Heap base address is the
#     maximum limit for the native heap growth. Please use -XX:HeapBaseMinAddress
#     to set the Java Heap base and to place the Java Heap above 32GB virtual address.
# This output file may be truncated or incomplete.
#
#  Out of Memory Error (os_windows.cpp:3815), pid=19336, tid=288
#
# JRE version:  (21.0.3) (build )
# Java VM: OpenJDK 64-Bit Server VM (21.0.3+-12282718-b509.11, mixed mode, sharing, tiered, compressed oops, compressed class ptrs, g1 gc, windows-amd64)
# No core dump will be written. Minidumps are not enabled by default on client versions of Windows
#

---------------  S U M M A R Y ------------

Command Line: git4idea.http.GitAskPassApp Username for 'https://github.com': 

Host: AMD Ryzen 5 3600 6-Core Processor              , 12 cores, 31G,  Windows 10 , 64 bit Build 19041 (10.0.19041.3636)
Time: Wed Nov 20 04:08:57 2024 Malay Peninsula Standard Time elapsed time: 0.008126 seconds (0d 0h 0m 0s)

---------------  T H R E A D  ---------------

Current thread (0x000001b2f435a370):  JavaThread "Unknown thread" [_thread_in_vm, id=288, stack(0x000000482e600000,0x000000482e700000) (1024K)]

Stack: [0x000000482e600000,0x000000482e700000]
Native frames: (J=compiled Java code, j=interpreted, Vv=VM code, C=native code)
V  [jvm.dll+0x6cafb9]
V  [jvm.dll+0x858523]
V  [jvm.dll+0x85aa7e]
V  [jvm.dll+0x85b163]
V  [jvm.dll+0x27d356]
V  [jvm.dll+0x6c7865]
V  [jvm.dll+0x6bbd3a]
V  [jvm.dll+0x35199b]
V  [jvm.dll+0x3595d6]
V  [jvm.dll+0x3aa826]
V  [jvm.dll+0x3aaaf8]
V  [jvm.dll+0x3240bc]
V  [jvm.dll+0x324dab]
V  [jvm.dll+0x81fd89]
V  [jvm.dll+0x3b7c08]
V  [jvm.dll+0x80921d]
V  [jvm.dll+0x44c05e]
V  [jvm.dll+0x44d6b1]
C  [jli.dll+0x52ab]
C  [ucrtbase.dll+0x21bb2]
C  [KERNEL32.DLL+0x17344]
C  [ntdll.dll+0x4cc91]


---------------  P R O C E S S  ---------------

Threads class SMR info:
_java_thread_list=0x00007ffefa4e57c8, length=0, elements={
}

Java Threads: ( => current thread )
Total: 0

Other Threads:
  0x000001b2f45f0930 WorkerThread "GC Thread#0"                     [id=17268, stack(0x000000482e700000,0x000000482e800000) (1024K)]
  0x000001b2f4602a20 ConcurrentGCThread "G1 Main Marker"            [id=27216, stack(0x000000482e800000,0x000000482e900000) (1024K)]
  0x000001b2f4603520 WorkerThread "G1 Conc#0"                       [id=17772, stack(0x000000482e900000,0x000000482ea00000) (1024K)]

[error occurred during error reporting (printing all threads), id 0xc0000005, EXCEPTION_ACCESS_VIOLATION (0xc0000005) at pc=0x00007ffef9ce7197]
VM state: not at safepoint (not fully initialized)

VM Mutex/Monitor currently owned by a thread:  ([mutex/lock_event])
[0x00007ffefa5521c8] Heap_lock - owner thread: 0x000001b2f435a370

Heap address: 0x0000000600c00000, size: 8180 MB, Compressed Oops mode: Zero based, Oop shift amount: 3

CDS archive(s) mapped at: [0x0000000000000000-0x0000000000000000-0x0000000000000000), size 0, SharedBaseAddress: 0x0000000800000000, ArchiveRelocationMode: 1.
Narrow klass base: 0x0000000000000000, Narrow klass shift: 0, Narrow klass range: 0x0

GC Precious Log:
 CardTable entry size: 512
 Card Set container configuration: InlinePtr #cards 4 size 8 Array Of Cards #cards 32 size 80 Howl #buckets 8 coarsen threshold 7372 Howl Bitmap #cards 1024 size 144 coarsen threshold 921 Card regions per heap region 1 cards per card region 8192

Heap:
 garbage-first heap   total 0K, used 0K [0x0000000600c00000, 0x0000000800000000)
  region size 4096K, 0 young (0K), 0 survivors (0K)
 Metaspace       used 0K, committed 0K, reserved 0K
  class space    used 0K, committed 0K, reserved 0K

Heap Regions: E=young(eden), S=young(survivor), O=old, HS=humongous(starts), HC=humongous(continues), CS=collection set, F=free, TAMS=top-at-mark-start, PB=parsable bottom

Card table byte_map: [0x000001b2fab10000,0x000001b2fbb10000] _byte_map_base: 0x000001b2f7b0a000

Marking Bits: (CMBitMap*) 0x000001b2f45f1030
 Bits: [0x000001b28f000000, 0x000001b296fd0000)

GC Heap History (0 events):
No events

Dll operation events (1 events):
Event: 0.005 Loaded shared library C:\Program Files\Android\Android Studio\jbr\bin\java.dll

Deoptimization events (0 events):
No events

Classes loaded (0 events):
No events

Classes unloaded (0 events):
No events

Classes redefined (0 events):
No events

Internal exceptions (0 events):
No events

ZGC Phase Switch (0 events):
No events

VM Operations (0 events):
No events

Events (0 events):
No events


Dynamic libraries:
0x00007ff7f6b80000 - 0x00007ff7f6b8a000 	C:\Program Files\Android\Android Studio\jbr\bin\java.exe
0x00007fffb8b90000 - 0x00007fffb8d88000 	C:\Windows\SYSTEM32\ntdll.dll
0x00007fffb7cd0000 - 0x00007fffb7d8d000 	C:\Windows\System32\KERNEL32.DLL
0x00007fffb6310000 - 0x00007fffb6606000 	C:\Windows\System32\KERNELBASE.dll
0x00007fffb6810000 - 0x00007fffb6910000 	C:\Windows\System32\ucrtbase.dll
0x00007fffac9a0000 - 0x00007fffac9bb000 	C:\Program Files\Android\Android Studio\jbr\bin\VCRUNTIME140.dll
0x00007fff9bed0000 - 0x00007fff9bee8000 	C:\Program Files\Android\Android Studio\jbr\bin\jli.dll
0x00007fffb7b30000 - 0x00007fffb7ccf000 	C:\Windows\System32\USER32.dll
0x00007fffb62e0000 - 0x00007fffb6302000 	C:\Windows\System32\win32u.dll
0x00007fffa5020000 - 0x00007fffa52ba000 	C:\Windows\WinSxS\amd64_microsoft.windows.common-controls_6595b64144ccf1df_6.0.19041.4355_none_60b8b9eb71f62e16\COMCTL32.dll
0x00007fffb6f90000 - 0x00007fffb6fbb000 	C:\Windows\System32\GDI32.dll
0x00007fffb6910000 - 0x00007fffb6a27000 	C:\Windows\System32\gdi32full.dll
0x00007fffb7f90000 - 0x00007fffb802e000 	C:\Windows\System32\msvcrt.dll
0x00007fffb6610000 - 0x00007fffb66ad000 	C:\Windows\System32\msvcp_win.dll
0x00007fffb8b20000 - 0x00007fffb8b4f000 	C:\Windows\System32\IMM32.DLL
0x00007fffb38f0000 - 0x00007fffb38fc000 	C:\Program Files\Android\Android Studio\jbr\bin\vcruntime140_1.dll
0x00007fff8f110000 - 0x00007fff8f19d000 	C:\Program Files\Android\Android Studio\jbr\bin\msvcp140.dll
0x00007ffef99b0000 - 0x00007ffefa62d000 	C:\Program Files\Android\Android Studio\jbr\bin\server\jvm.dll
0x00007fffb7440000 - 0x00007fffb74f0000 	C:\Windows\System32\ADVAPI32.dll
0x00007fffb8a80000 - 0x00007fffb8b20000 	C:\Windows\System32\sechost.dll
0x00007fffb6fc0000 - 0x00007fffb70e3000 	C:\Windows\System32\RPCRT4.dll
0x00007fffb6ba0000 - 0x00007fffb6bc7000 	C:\Windows\System32\bcrypt.dll
0x00007fffb7e40000 - 0x00007fffb7eab000 	C:\Windows\System32\WS2_32.dll
0x00007fffb5a50000 - 0x00007fffb5a9b000 	C:\Windows\SYSTEM32\POWRPROF.dll
0x00007fffade70000 - 0x00007fffade7a000 	C:\Windows\SYSTEM32\VERSION.dll
0x00007fffade40000 - 0x00007fffade67000 	C:\Windows\SYSTEM32\WINMM.dll
0x00007fffb59d0000 - 0x00007fffb59e2000 	C:\Windows\SYSTEM32\UMPDC.dll
0x00007fffb40f0000 - 0x00007fffb4102000 	C:\Windows\SYSTEM32\kernel.appcore.dll
0x00007fffb1d30000 - 0x00007fffb1d3a000 	C:\Program Files\Android\Android Studio\jbr\bin\jimage.dll
0x00007fff9dd50000 - 0x00007fff9df34000 	C:\Windows\SYSTEM32\DBGHELP.DLL
0x00007fff9dc10000 - 0x00007fff9dc44000 	C:\Windows\SYSTEM32\dbgcore.DLL
0x00007fffb6250000 - 0x00007fffb62d2000 	C:\Windows\System32\bcryptPrimitives.dll
0x00007fffac840000 - 0x00007fffac85f000 	C:\Program Files\Android\Android Studio\jbr\bin\java.dll

dbghelp: loaded successfully - version: 4.0.5 - missing functions: none
symbol engine: initialized successfully - sym options: 0x614 - pdb path: .;C:\Program Files\Android\Android Studio\jbr\bin;C:\Windows\SYSTEM32;C:\Windows\WinSxS\amd64_microsoft.windows.common-controls_6595b64144ccf1df_6.0.19041.4355_none_60b8b9eb71f62e16;C:\Program Files\Android\Android Studio\jbr\bin\server

VM Arguments:
java_command: git4idea.http.GitAskPassApp Username for 'https://github.com': 
java_class_path (initial): C:/Program Files/Android/Android Studio/plugins/vcs-git/lib/git4idea-rt.jar;C:/Program Files/Android/Android Studio/lib/externalProcess-rt.jar
Launcher Type: SUN_STANDARD

[Global flags]
     intx CICompilerCount                          = 4                                         {product} {ergonomic}
     uint ConcGCThreads                            = 3                                         {product} {ergonomic}
     uint G1ConcRefinementThreads                  = 10                                        {product} {ergonomic}
   size_t G1HeapRegionSize                         = 4194304                                   {product} {ergonomic}
    uintx GCDrainStackTargetSize                   = 64                                        {product} {ergonomic}
   size_t InitialHeapSize                          = 536870912                                 {product} {ergonomic}
   size_t MarkStackSize                            = 4194304                                   {product} {ergonomic}
   size_t MaxHeapSize                              = 8577351680                                {product} {ergonomic}
   size_t MinHeapDeltaBytes                        = 4194304                                   {product} {ergonomic}
   size_t MinHeapSize                              = 8388608                                   {product} {ergonomic}
    uintx NonNMethodCodeHeapSize                   = 5839372                                {pd product} {ergonomic}
    uintx NonProfiledCodeHeapSize                  = 122909434                              {pd product} {ergonomic}
    uintx ProfiledCodeHeapSize                     = 122909434                              {pd product} {ergonomic}
    uintx ReservedCodeCacheSize                    = 251658240                              {pd product} {ergonomic}
     bool SegmentedCodeCache                       = true                                      {product} {ergonomic}
   size_t SoftMaxHeapSize                          = 8577351680                             {manageable} {ergonomic}
     bool UseCompressedOops                        = true                           {product lp64_product} {ergonomic}
     bool UseG1GC                                  = true                                      {product} {ergonomic}
     bool UseLargePagesIndividualAllocation        = false                                  {pd product} {ergonomic}

Logging:
Log output configuration:
 #0: stdout all=warning uptime,level,tags foldmultilines=false
 #1: stderr all=off uptime,level,tags foldmultilines=false

Environment Variables:
JAVA_HOME=C:\Program Files\Amazon Corretto\jdk1.8.0_302
PATH=C:/Program Files/Git/mingw64/libexec/git-core;C:/Program Files/Git/mingw64/libexec/git-core;C:\Program Files\Git\mingw64\bin;C:\Program Files\Git\usr\bin;C:\Users\Chris\bin;C:\Program Files\Amazon Corretto\jdk1.8.0_302\bin;C:\Program Files (x86)\Common Files\Oracle\Java\javapath;C:\Windows\system32;C:\Windows;C:\Windows\System32\Wbem;C:\Windows\System32\WindowsPowerShell\v1.0\;C:\Windows\System32\OpenSSH\;C:\Program Files\dotnet\;C:\Program Files\Microsoft SQL Server\130\Tools\Binn\;C:\Program Files\Microsoft SQL Server\Client SDK\ODBC\170\Tools\Binn\;C:\Program Files\Docker\Docker\resources\bin;C:\Users\Chris\AppData\Local\Programs\Python\Python312\Scripts\;C:\Users\Chris\AppData\Local\Programs\Python\Python312\;C:\Program Files\Git\cmd;C:\Users\Chris\AppData\Local\Programs\Python\Python312\Scripts\;C:\Users\Chris\AppData\Local\Programs\Python\Python312\;C:\Users\Chris\AppData\Local\Programs\Python\Launcher\;C:\tagui\src;C:\Program Files\MySQL\MySQL Shell 8.0\bin\;C:\Users\Chris\AppData\Local\Microsoft\WindowsApps;D:\Warframe;C:\Users\Chris\.dotnet\tools;C:\Users\Chris\AppData\Local\Programs\Microsoft VS Code\bin
USERNAME=Chris
DISPLAY=:0.0
LC_ALL=en_US.UTF-8
TERM=xterm-256color
TMPDIR=C:\Users\Chris\AppData\Local\Temp
OS=Windows_NT
PROCESSOR_IDENTIFIER=AMD64 Family 23 Model 113 Stepping 0, AuthenticAMD
TMP=C:\Users\Chris\AppData\Local\Temp
TEMP=C:\Users\Chris\AppData\Local\Temp




Periodic native trim disabled

JNI global refs:
JNI global refs: 0, weak refs: 0

JNI global refs memory usage: 0, weak refs: 0

Process memory usage:
Resident Set Size: 10936K (0% of 33499560K total physical memory with 10398652K free physical memory)

OOME stack traces (most recent first):
Classloader memory used:

---------------  S Y S T E M  ---------------

OS:
 Windows 10 , 64 bit Build 19041 (10.0.19041.3636)
OS uptime: 0 days 10:35 hours

CPU: total 12 (initial active 12) (12 cores per cpu, 2 threads per core) family 23 model 113 stepping 0 microcode 0x0, cx8, cmov, fxsr, ht, mmx, 3dnowpref, sse, sse2, sse3, ssse3, sse4a, sse4.1, sse4.2, popcnt, lzcnt, tsc, tscinvbit, avx, avx2, aes, clmul, bmi1, bmi2, adx, sha, fma, vzeroupper, clflush, clflushopt, rdtscp, rdpid, f16c
Processor Information for all 12 processors :
  Max Mhz: 3593, Current Mhz: 3593, Mhz Limit: 3593

Memory: 4k page, system-wide physical 32714M (10154M free)
TotalPageFile size 37642M (AvailPageFile size 335M)
current process WorkingSet (physical memory assigned to process): 10M, peak: 10M
current process commit charge ("private bytes"): 64M, peak: 576M

vm_info: OpenJDK 64-Bit Server VM (21.0.3+-12282718-b509.11) for windows-amd64 JRE (21.0.3+-12282718-b509.11), built on 2024-08-27T17:34:15Z by "builder" with MS VC++ 16.10 / 16.11 (VS2019)

END.
